-------------------------------------------------------------------------------
Test set: TestSuite
-------------------------------------------------------------------------------
Tests run: 1, Failures: 1, Errors: 0, Skipped: 0, Time elapsed: 20.779 s <<< FAILURE! - in TestSuite
feature(com.usa.runner.file.ScenariRunner)  Time elapsed: 19.801 s  <<< FAILURE!
cucumber.runtime.CucumberException: java.lang.AssertionError: expected [admin-demo.nopcommerce.com] but found [Your store. Login]
Caused by: java.lang.AssertionError: expected [admin-demo.nopcommerce.com] but found [Your store. Login]

